<?xml version="1.0" encoding="UTF-8"?>
<testng-results skipped="0" failed="0" total="1" passed="1">
  <reporter-output>
  </reporter-output>
  <suite name="Suite" duration-ms="2923" started-at="2018-04-29T03:17:57Z" finished-at="2018-04-29T03:18:00Z">
    <groups>
    </groups>
    <test name="Test" duration-ms="2923" started-at="2018-04-29T03:17:57Z" finished-at="2018-04-29T03:18:00Z">
      <class name="apiTest.Basics">
        <test-method status="PASS" signature="Test1()[pri:0, instance:apiTest.Basics@31b7dea0]" name="Test1" duration-ms="2913" started-at="2018-04-28T20:17:57Z" finished-at="2018-04-28T20:18:00Z">
          <reporter-output>
          </reporter-output>
        </test-method> <!-- Test1 -->
      </class> <!-- apiTest.Basics -->
    </test> <!-- Test -->
  </suite> <!-- Suite -->
</testng-results>
